<?xml version="1.0" encoding="UTF-8"?>
<!-- Generated by org.testng.reporters.JUnitXMLReporter -->
<testsuite ignored="4" hostname="DESKTOP-8821QTD" failures="0" tests="1" name="Default test(failed)" time="0.146" errors="0" timestamp="2022-07-28T16:27:42 IST">
  <testcase classname="testNGKeyWords.TimeOutStudy" name="method3" time="0.023"/>
  <testcase classname="testNGKeyWords.TimeOutStudy" name="method1" time="0.0">
    <ignored/>
  </testcase> <!-- method1 -->
  <testcase classname="testNGKeyWords.TimeOutStudy" name="method4" time="0.0">
    <ignored/>
  </testcase> <!-- method4 -->
  <testcase classname="testNGKeyWords.TimeOutStudy" name="method5" time="0.0">
    <ignored/>
  </testcase> <!-- method5 -->
  <testcase classname="testNGKeyWords.TimeOutStudy" name="method2" time="0.0">
    <ignored/>
  </testcase> <!-- method2 -->
</testsuite> <!-- Default test(failed) -->
