<?xml version="1.0" encoding="UTF-8"?>
<!-- Generated by org.testng.reporters.JUnitXMLReporter -->
<testsuite ignored="0" hostname="DESKTOP-8821QTD" failures="2" tests="6" name="Test" time="0.122" errors="0" timestamp="2022-08-05T13:54:13 IST">
  <testcase classname="testNGListener.DemoClass" name="myMethod1" time="0.016"/>
  <testcase classname="testNGListener.DemoClass" name="myMethod2" time="0.009">
    <failure type="java.lang.AssertionError" message="null">
      <![CDATA[java.lang.AssertionError: null
at testNGListener.DemoClass.myMethod2(DemoClass.java:22)
at java.base/java.util.ArrayList.forEach(ArrayList.java:1541)
... Removed 29 stack frames]]>
    </failure>
  </testcase> <!-- myMethod2 -->
  <testcase classname="testNGListener.DemoClass" name="myMethod3" time="0.0">
    <skipped/>
  </testcase> <!-- myMethod3 -->
  <testcase classname="testNGListener.DemoClass2" name="myMethod4" time="0.002"/>
  <testcase classname="testNGListener.DemoClass2" name="myMethod5" time="0.002">
    <failure type="java.lang.AssertionError" message="null">
      <![CDATA[java.lang.AssertionError: null
at testNGListener.DemoClass2.myMethod5(DemoClass2.java:21)
at java.base/java.util.ArrayList.forEach(ArrayList.java:1541)
... Removed 29 stack frames]]>
    </failure>
  </testcase> <!-- myMethod5 -->
  <testcase classname="testNGListener.DemoClass2" name="myMethod6" time="0.002"/>
</testsuite> <!-- Test -->
