<?xml version="1.0" encoding="UTF-8"?>
<!-- Generated by org.testng.reporters.JUnitXMLReporter -->
<testsuite ignored="3" hostname="DESKTOP-8821QTD" failures="2" tests="2" name="Default test(failed)(failed)" time="0.119" errors="0" timestamp="2022-07-28T14:08:13 IST">
  <testcase classname="testNGKeyWords.DependsOnMethodStudy" name="method5" time="0.015">
    <failure type="java.lang.AssertionError" message="null">
      <![CDATA[java.lang.AssertionError: null
at testNGKeyWords.DependsOnMethodStudy.method5(DependsOnMethodStudy.java:40)
at java.base/java.util.ArrayList.forEach(ArrayList.java:1541)
... Removed 29 stack frames]]>
    </failure>
  </testcase> <!-- method5 -->
  <testcase classname="testNGKeyWords.DependsOnMethodStudy" name="method4" time="0.005">
    <failure type="java.lang.AssertionError" message="null">
      <![CDATA[java.lang.AssertionError: null
at testNGKeyWords.DependsOnMethodStudy.method4(DependsOnMethodStudy.java:31)
at java.base/java.util.ArrayList.forEach(ArrayList.java:1541)
... Removed 29 stack frames]]>
    </failure>
  </testcase> <!-- method4 -->
  <testcase classname="testNGKeyWords.DependsOnMethodStudy" name="method2" time="0.0">
    <ignored/>
  </testcase> <!-- method2 -->
  <testcase classname="testNGKeyWords.DependsOnMethodStudy" name="method3" time="0.0">
    <ignored/>
  </testcase> <!-- method3 -->
  <testcase classname="testNGKeyWords.DependsOnMethodStudy" name="method1" time="0.0">
    <ignored/>
  </testcase> <!-- method1 -->
</testsuite> <!-- Default test(failed)(failed) -->
