<?xml version="1.0" encoding="UTF-8"?>
<!-- Generated by org.testng.reporters.JUnitXMLReporter -->
<testsuite ignored="4" hostname="DESKTOP-8821QTD" failures="0" tests="1" name="Default test(failed)(failed)(failed)(failed)" time="0.074" errors="0" timestamp="2022-07-28T14:09:19 IST">
  <testcase classname="testNGKeyWords.DependsOnMethodStudy" name="method4" time="0.013"/>
  <testcase classname="testNGKeyWords.DependsOnMethodStudy" name="method5" time="0.0">
    <ignored/>
  </testcase> <!-- method5 -->
  <testcase classname="testNGKeyWords.DependsOnMethodStudy" name="method2" time="0.0">
    <ignored/>
  </testcase> <!-- method2 -->
  <testcase classname="testNGKeyWords.DependsOnMethodStudy" name="method3" time="0.0">
    <ignored/>
  </testcase> <!-- method3 -->
  <testcase classname="testNGKeyWords.DependsOnMethodStudy" name="method1" time="0.0">
    <ignored/>
  </testcase> <!-- method1 -->
</testsuite> <!-- Default test(failed)(failed)(failed)(failed) -->
